<?xml version="1.0" encoding="UTF-8"?>
<!-- Generated by org.testng.reporters.JUnitReportReporter -->
<testsuite skipped="0" hostname="DESKTOP-VDRSD1O" name="SMF.SmallMovesFoundation.AppTest" tests="1" failures="0" timestamp="2021-09-29T16:05:14 IST" time="0.007" errors="0">
  <testcase name="shouldAnswerWithTrue" time="0.007" classname="SMF.SmallMovesFoundation.AppTest"/>
  <system-out/>
</testsuite> <!-- SMF.SmallMovesFoundation.AppTest -->
